<?xml version="1.0" encoding="UTF-8"?>
<testsuites name="Regression" time="185" tests="2" failures="1" errors="0">
   <testsuite name="Regression" tests="2" failures="1" errors="0" time="185" timestamp="2018-09-29 19:40:26" hostname="Nick - 169.254.226.66" id="Test Suites/Regression">
      <properties>
         <property name="deviceName" value="LGE Nexus 5 (Android 6.0.1)"/>
         <property name="devicePlatform" value=""/>
         <property name="logFolder" value="C:\\Users\\Nick\\git\\Android-mobile-test\\Reports\\Regression\\20180929_194013"/>
         <property name="logFiles" value="C:\\Users\\Nick\\git\\Android-mobile-test\\Reports\\Regression\\20180929_194013\\appium.log, C:\\Users\\Nick\\git\\Android-mobile-test\\Reports\\Regression\\20180929_194013\\execution0.log"/>
         <property name="attachments" value="C:\\Users\\Nick\\git\\Android-mobile-test\\Reports\\Regression\\20180929_194013\\1538239364867.png"/>
         <property name="hostName" value="Nick - 169.254.226.66"/>
         <property name="os" value="Windows 10 64bit"/>
         <property name="katalonVersion" value="5.7.1.1"/>
         <property name="deviceOS" value="Android"/>
         <property name="appiumVersion" value="1.8.1"/>
         <property name="deviceModel" value="Nexus 5"/>
         <property name="hostAddress" value="169.254.226.66"/>
         <property name="deviceManufacturer" value="LGE"/>
         <property name="deviceId" value="080699a000e75a6b"/>
         <property name="deviceName" value="LGE Nexus 5 (Android 6.0.1)"/>
         <property name="deviceOSVersion" value="6.0.1"/>
      </properties>
      <testcase name="Test Cases/Bookmate/Email login" classname="Test Cases/Bookmate/Email login" status="PASSED">
         <system-out><![CDATA[2018-09-29 19:40:27 - [TEST_CASE][PASSED] - Test Cases/Bookmate/Email login: Test Cases/Bookmate/Email login

2018-09-29 19:40:28 - [TEST_STEP][PASSED] - startApplication: Started app at: 'C:\Users\Nick\Downloads\application-dev-debug.apk'

2018-09-29 19:41:24 - [MESSAGE][PASSED] - Started app at: 'C:\Users\Nick\Downloads\application-dev-debug.apk'

2018-09-29 19:41:24 - [TEST_STEP][PASSED] - tap: Tapped on element 'Object Repository/android.widget.FrameLayout3'

2018-09-29 19:41:24 - [MESSAGE][WARNING] - Timeout '0' is invalid. Using default page load timeout: '30'

2018-09-29 19:41:24 - [MESSAGE][PASSED] - Tapped on element 'Object Repository/android.widget.FrameLayout3'

2018-09-29 19:41:24 - [TEST_STEP][PASSED] - tap: Tapped on element 'Object Repository/android.widget.FrameLayout3'

2018-09-29 19:41:24 - [MESSAGE][WARNING] - Timeout '0' is invalid. Using default page load timeout: '30'

2018-09-29 19:41:26 - [MESSAGE][PASSED] - Tapped on element 'Object Repository/android.widget.FrameLayout3'

2018-09-29 19:41:26 - [TEST_STEP][PASSED] - tap: Tapped on element 'Object Repository/android.widget.FrameLayout3'

2018-09-29 19:41:26 - [MESSAGE][WARNING] - Timeout '0' is invalid. Using default page load timeout: '30'

2018-09-29 19:41:27 - [MESSAGE][PASSED] - Tapped on element 'Object Repository/android.widget.FrameLayout3'

2018-09-29 19:41:27 - [TEST_STEP][PASSED] - tap: Tapped on element 'Object Repository/android.widget.FrameLayout3'

2018-09-29 19:41:27 - [MESSAGE][WARNING] - Timeout '0' is invalid. Using default page load timeout: '30'

2018-09-29 19:41:28 - [MESSAGE][PASSED] - Tapped on element 'Object Repository/android.widget.FrameLayout3'

2018-09-29 19:41:28 - [TEST_STEP][PASSED] - tap: Tapped on element 'Object Repository/android.widget.TextView5 - '

2018-09-29 19:41:29 - [MESSAGE][WARNING] - Timeout '0' is invalid. Using default page load timeout: '30'

2018-09-29 19:41:30 - [MESSAGE][PASSED] - Tapped on element 'Object Repository/android.widget.TextView5 - '

2018-09-29 19:41:30 - [TEST_STEP][PASSED] - setText: Text 'pie' has been set to element 'Object Repository/android.widget.EditText0 -  '

2018-09-29 19:41:30 - [MESSAGE][WARNING] - Timeout '0' is invalid. Using default page load timeout: '30'

2018-09-29 19:41:40 - [MESSAGE][PASSED] - Text 'pie' has been set to element 'Object Repository/android.widget.EditText0 -  '

2018-09-29 19:41:40 - [TEST_STEP][PASSED] - tap: Tapped on element 'Object Repository/android.widget.EditText1'

2018-09-29 19:41:40 - [MESSAGE][WARNING] - Timeout '0' is invalid. Using default page load timeout: '30'

2018-09-29 19:41:41 - [MESSAGE][PASSED] - Tapped on element 'Object Repository/android.widget.EditText1'

2018-09-29 19:41:41 - [TEST_STEP][PASSED] - setText: Text '1234567' has been set to element 'Object Repository/android.widget.EditText1 (1)'

2018-09-29 19:41:41 - [MESSAGE][WARNING] - Timeout '0' is invalid. Using default page load timeout: '30'

2018-09-29 19:41:53 - [MESSAGE][PASSED] - Text '1234567' has been set to element 'Object Repository/android.widget.EditText1 (1)'

2018-09-29 19:41:53 - [TEST_STEP][PASSED] - tap: Tapped on element 'Object Repository/android.widget.FrameLayout5'

2018-09-29 19:41:53 - [MESSAGE][WARNING] - Timeout '0' is invalid. Using default page load timeout: '30'

2018-09-29 19:41:54 - [MESSAGE][PASSED] - Tapped on element 'Object Repository/android.widget.FrameLayout5'

2018-09-29 19:41:54 - [TEST_STEP][PASSED] - closeApplication: Close app successfully

2018-09-29 19:41:57 - [MESSAGE][PASSED] - Close app successfully]]></system-out>
         <system-err><![CDATA[]]></system-err>
      </testcase>
      <testcase name="Test Cases/Bookmate/Impression create" classname="Test Cases/Bookmate/Impression create" status="FAILED">
         <failure type="FAILED" message="(Stack trace: com.kms.katalon.core.exception.StepFailedException: Failed to tap and hold on element 'Object Repository/android.widget.ImageView4' with duration (default) (Root cause: Object Object Repository/android.widget.ImageView4 not found)
	at com.kms.katalon.core.keyword.internal.KeywordMain.stepFailed(KeywordMain.groovy:36)
	at com.kms.katalon.core.mobile.keyword.internal.MobileKeywordMain.stepFailed(MobileKeywordMain.groovy:40)
	at com.kms.katalon.core.mobile.keyword.internal.MobileKeywordMain.runKeyword(MobileKeywordMain.groovy:23)
	at com.kms.katalon.core.mobile.keyword.builtin.TapAndHoldKeyword.tapAndHold(TapAndHoldKeyword.groovy:72)
	at com.kms.katalon.core.mobile.keyword.builtin.TapAndHoldKeyword.execute(TapAndHoldKeyword.groovy:65)
	at com.kms.katalon.core.keyword.internal.KeywordExecutor.executeKeywordForPlatform(KeywordExecutor.groovy:53)
	at com.kms.katalon.core.mobile.keyword.MobileBuiltInKeywords.tapAndHold(MobileBuiltInKeywords.groovy:518)
	at com.kms.katalon.core.mobile.keyword.MobileBuiltInKeywords$tapAndHold$3.call(Unknown Source)
	at org.codehaus.groovy.runtime.callsite.CallSiteArray.defaultCall(CallSiteArray.java:48)
	at org.codehaus.groovy.runtime.callsite.AbstractCallSite.call(AbstractCallSite.java:113)
	at org.codehaus.groovy.runtime.callsite.AbstractCallSite.call(AbstractCallSite.java:141)
	at Script1538235225068.run(Script1538235225068.groovy:18)
	at com.kms.katalon.core.main.ScriptEngine.run(ScriptEngine.java:183)
	at com.kms.katalon.core.main.ScriptEngine.runScriptAsRawText(ScriptEngine.java:108)
	at com.kms.katalon.core.main.TestCaseExecutor.runScript(TestCaseExecutor.java:294)
	at com.kms.katalon.core.main.TestCaseExecutor.doExecute(TestCaseExecutor.java:285)
	at com.kms.katalon.core.main.TestCaseExecutor.processExecutionPhase(TestCaseExecutor.java:264)
	at com.kms.katalon.core.main.TestCaseExecutor.accessMainPhase(TestCaseExecutor.java:256)
	at com.kms.katalon.core.main.TestCaseExecutor.execute(TestCaseExecutor.java:200)
	at com.kms.katalon.core.main.TestSuiteExecutor.accessTestCaseMainPhase(TestSuiteExecutor.java:129)
	at com.kms.katalon.core.main.TestSuiteExecutor.accessTestSuiteMainPhase(TestSuiteExecutor.java:112)
	at com.kms.katalon.core.main.TestSuiteExecutor.execute(TestSuiteExecutor.java:81)
	at com.kms.katalon.core.main.TestCaseMain.startTestSuite(TestCaseMain.java:142)
	at com.kms.katalon.core.main.TestCaseMain$startTestSuite$0.call(Unknown Source)
	at org.codehaus.groovy.runtime.callsite.CallSiteArray.defaultCall(CallSiteArray.java:48)
	at org.codehaus.groovy.runtime.callsite.AbstractCallSite.call(AbstractCallSite.java:113)
	at org.codehaus.groovy.runtime.callsite.AbstractCallSite.call(AbstractCallSite.java:141)
	at TempTestSuite1538239222836.run(TempTestSuite1538239222836.groovy:36)
	at groovy.lang.GroovyShell.runScriptOrMainOrTestOrRunnable(GroovyShell.java:263)
	at groovy.lang.GroovyShell.run(GroovyShell.java:518)
	at groovy.lang.GroovyShell.run(GroovyShell.java:507)
	at groovy.ui.GroovyMain.processOnce(GroovyMain.java:653)
	at groovy.ui.GroovyMain.run(GroovyMain.java:384)
	at groovy.ui.GroovyMain.process(GroovyMain.java:370)
	at groovy.ui.GroovyMain.processArgs(GroovyMain.java:129)
	at groovy.ui.GroovyMain.main(GroovyMain.java:109)
	at sun.reflect.NativeMethodAccessorImpl.invoke0(Native Method)
	at sun.reflect.NativeMethodAccessorImpl.invoke(NativeMethodAccessorImpl.java:62)
	at sun.reflect.DelegatingMethodAccessorImpl.invoke(DelegatingMethodAccessorImpl.java:43)
	at java.lang.reflect.Method.invoke(Method.java:498)
	at org.codehaus.groovy.tools.GroovyStarter.rootLoader(GroovyStarter.java:109)
	at org.codehaus.groovy.tools.GroovyStarter.main(GroovyStarter.java:131)
)"/>
         <system-out><![CDATA[2018-09-29 19:41:57 - [TEST_CASE][FAILED] - Test Cases/Bookmate/Impression create: Test Cases/Bookmate/Impression create FAILED because (of) (Stack trace: com.kms.katalon.core.exception.StepFailedException: Failed to tap and hold on element 'Object Repository/android.widget.ImageView4' with duration (default) (Root cause: Object Object Repository/android.widget.ImageView4 not found)
	at com.kms.katalon.core.keyword.internal.KeywordMain.stepFailed(KeywordMain.groovy:36)
	at com.kms.katalon.core.mobile.keyword.internal.MobileKeywordMain.stepFailed(MobileKeywordMain.groovy:40)
	at com.kms.katalon.core.mobile.keyword.internal.MobileKeywordMain.runKeyword(MobileKeywordMain.groovy:23)
	at com.kms.katalon.core.mobile.keyword.builtin.TapAndHoldKeyword.tapAndHold(TapAndHoldKeyword.groovy:72)
	at com.kms.katalon.core.mobile.keyword.builtin.TapAndHoldKeyword.execute(TapAndHoldKeyword.groovy:65)
	at com.kms.katalon.core.keyword.internal.KeywordExecutor.executeKeywordForPlatform(KeywordExecutor.groovy:53)
	at com.kms.katalon.core.mobile.keyword.MobileBuiltInKeywords.tapAndHold(MobileBuiltInKeywords.groovy:518)
	at com.kms.katalon.core.mobile.keyword.MobileBuiltInKeywords$tapAndHold$3.call(Unknown Source)
	at org.codehaus.groovy.runtime.callsite.CallSiteArray.defaultCall(CallSiteArray.java:48)
	at org.codehaus.groovy.runtime.callsite.AbstractCallSite.call(AbstractCallSite.java:113)
	at org.codehaus.groovy.runtime.callsite.AbstractCallSite.call(AbstractCallSite.java:141)
	at Script1538235225068.run(Script1538235225068.groovy:18)
	at com.kms.katalon.core.main.ScriptEngine.run(ScriptEngine.java:183)
	at com.kms.katalon.core.main.ScriptEngine.runScriptAsRawText(ScriptEngine.java:108)
	at com.kms.katalon.core.main.TestCaseExecutor.runScript(TestCaseExecutor.java:294)
	at com.kms.katalon.core.main.TestCaseExecutor.doExecute(TestCaseExecutor.java:285)
	at com.kms.katalon.core.main.TestCaseExecutor.processExecutionPhase(TestCaseExecutor.java:264)
	at com.kms.katalon.core.main.TestCaseExecutor.accessMainPhase(TestCaseExecutor.java:256)
	at com.kms.katalon.core.main.TestCaseExecutor.execute(TestCaseExecutor.java:200)
	at com.kms.katalon.core.main.TestSuiteExecutor.accessTestCaseMainPhase(TestSuiteExecutor.java:129)
	at com.kms.katalon.core.main.TestSuiteExecutor.accessTestSuiteMainPhase(TestSuiteExecutor.java:112)
	at com.kms.katalon.core.main.TestSuiteExecutor.execute(TestSuiteExecutor.java:81)
	at com.kms.katalon.core.main.TestCaseMain.startTestSuite(TestCaseMain.java:142)
	at com.kms.katalon.core.main.TestCaseMain$startTestSuite$0.call(Unknown Source)
	at org.codehaus.groovy.runtime.callsite.CallSiteArray.defaultCall(CallSiteArray.java:48)
	at org.codehaus.groovy.runtime.callsite.AbstractCallSite.call(AbstractCallSite.java:113)
	at org.codehaus.groovy.runtime.callsite.AbstractCallSite.call(AbstractCallSite.java:141)
	at TempTestSuite1538239222836.run(TempTestSuite1538239222836.groovy:36)
	at groovy.lang.GroovyShell.runScriptOrMainOrTestOrRunnable(GroovyShell.java:263)
	at groovy.lang.GroovyShell.run(GroovyShell.java:518)
	at groovy.lang.GroovyShell.run(GroovyShell.java:507)
	at groovy.ui.GroovyMain.processOnce(GroovyMain.java:653)
	at groovy.ui.GroovyMain.run(GroovyMain.java:384)
	at groovy.ui.GroovyMain.process(GroovyMain.java:370)
	at groovy.ui.GroovyMain.processArgs(GroovyMain.java:129)
	at groovy.ui.GroovyMain.main(GroovyMain.java:109)
	at sun.reflect.NativeMethodAccessorImpl.invoke0(Native Method)
	at sun.reflect.NativeMethodAccessorImpl.invoke(NativeMethodAccessorImpl.java:62)
	at sun.reflect.DelegatingMethodAccessorImpl.invoke(DelegatingMethodAccessorImpl.java:43)
	at java.lang.reflect.Method.invoke(Method.java:498)
	at org.codehaus.groovy.tools.GroovyStarter.rootLoader(GroovyStarter.java:109)
	at org.codehaus.groovy.tools.GroovyStarter.main(GroovyStarter.java:131)
)

2018-09-29 19:41:58 - [TEST_STEP][PASSED] - startApplication: Started app at: 'C:\Users\Nick\Downloads\application-dev-debug.apk'

2018-09-29 19:42:14 - [MESSAGE][PASSED] - Started app at: 'C:\Users\Nick\Downloads\application-dev-debug.apk'

2018-09-29 19:42:14 - [TEST_STEP][FAILED] - tapAndHold: Failed to tap and hold on element 'Object Repository/android.widget.ImageView4' with duration (default) (Root cause: Object Object Repository/android.widget.ImageView4 not found)

2018-09-29 19:42:14 - [MESSAGE][WARNING] - Timeout '0' is invalid. Using default page load timeout: '30'

2018-09-29 19:42:46 - [MESSAGE][FAILED] - Failed to tap and hold on element 'Object Repository/android.widget.ImageView4' with duration (default) (Root cause: Object Object Repository/android.widget.ImageView4 not found)
[[ATTACHMENT|C:\\Users\\Nick\\git\\Android-mobile-test\\Reports\\Regression\\20180929_194013\\1538239364867.png]]]]></system-out>
         <system-err><![CDATA[2018-09-29 19:41:57 - [TEST_CASE][FAILED] - Test Cases/Bookmate/Impression create: Test Cases/Bookmate/Impression create FAILED because (of) (Stack trace: com.kms.katalon.core.exception.StepFailedException: Failed to tap and hold on element 'Object Repository/android.widget.ImageView4' with duration (default) (Root cause: Object Object Repository/android.widget.ImageView4 not found)
	at com.kms.katalon.core.keyword.internal.KeywordMain.stepFailed(KeywordMain.groovy:36)
	at com.kms.katalon.core.mobile.keyword.internal.MobileKeywordMain.stepFailed(MobileKeywordMain.groovy:40)
	at com.kms.katalon.core.mobile.keyword.internal.MobileKeywordMain.runKeyword(MobileKeywordMain.groovy:23)
	at com.kms.katalon.core.mobile.keyword.builtin.TapAndHoldKeyword.tapAndHold(TapAndHoldKeyword.groovy:72)
	at com.kms.katalon.core.mobile.keyword.builtin.TapAndHoldKeyword.execute(TapAndHoldKeyword.groovy:65)
	at com.kms.katalon.core.keyword.internal.KeywordExecutor.executeKeywordForPlatform(KeywordExecutor.groovy:53)
	at com.kms.katalon.core.mobile.keyword.MobileBuiltInKeywords.tapAndHold(MobileBuiltInKeywords.groovy:518)
	at com.kms.katalon.core.mobile.keyword.MobileBuiltInKeywords$tapAndHold$3.call(Unknown Source)
	at org.codehaus.groovy.runtime.callsite.CallSiteArray.defaultCall(CallSiteArray.java:48)
	at org.codehaus.groovy.runtime.callsite.AbstractCallSite.call(AbstractCallSite.java:113)
	at org.codehaus.groovy.runtime.callsite.AbstractCallSite.call(AbstractCallSite.java:141)
	at Script1538235225068.run(Script1538235225068.groovy:18)
	at com.kms.katalon.core.main.ScriptEngine.run(ScriptEngine.java:183)
	at com.kms.katalon.core.main.ScriptEngine.runScriptAsRawText(ScriptEngine.java:108)
	at com.kms.katalon.core.main.TestCaseExecutor.runScript(TestCaseExecutor.java:294)
	at com.kms.katalon.core.main.TestCaseExecutor.doExecute(TestCaseExecutor.java:285)
	at com.kms.katalon.core.main.TestCaseExecutor.processExecutionPhase(TestCaseExecutor.java:264)
	at com.kms.katalon.core.main.TestCaseExecutor.accessMainPhase(TestCaseExecutor.java:256)
	at com.kms.katalon.core.main.TestCaseExecutor.execute(TestCaseExecutor.java:200)
	at com.kms.katalon.core.main.TestSuiteExecutor.accessTestCaseMainPhase(TestSuiteExecutor.java:129)
	at com.kms.katalon.core.main.TestSuiteExecutor.accessTestSuiteMainPhase(TestSuiteExecutor.java:112)
	at com.kms.katalon.core.main.TestSuiteExecutor.execute(TestSuiteExecutor.java:81)
	at com.kms.katalon.core.main.TestCaseMain.startTestSuite(TestCaseMain.java:142)
	at com.kms.katalon.core.main.TestCaseMain$startTestSuite$0.call(Unknown Source)
	at org.codehaus.groovy.runtime.callsite.CallSiteArray.defaultCall(CallSiteArray.java:48)
	at org.codehaus.groovy.runtime.callsite.AbstractCallSite.call(AbstractCallSite.java:113)
	at org.codehaus.groovy.runtime.callsite.AbstractCallSite.call(AbstractCallSite.java:141)
	at TempTestSuite1538239222836.run(TempTestSuite1538239222836.groovy:36)
	at groovy.lang.GroovyShell.runScriptOrMainOrTestOrRunnable(GroovyShell.java:263)
	at groovy.lang.GroovyShell.run(GroovyShell.java:518)
	at groovy.lang.GroovyShell.run(GroovyShell.java:507)
	at groovy.ui.GroovyMain.processOnce(GroovyMain.java:653)
	at groovy.ui.GroovyMain.run(GroovyMain.java:384)
	at groovy.ui.GroovyMain.process(GroovyMain.java:370)
	at groovy.ui.GroovyMain.processArgs(GroovyMain.java:129)
	at groovy.ui.GroovyMain.main(GroovyMain.java:109)
	at sun.reflect.NativeMethodAccessorImpl.invoke0(Native Method)
	at sun.reflect.NativeMethodAccessorImpl.invoke(NativeMethodAccessorImpl.java:62)
	at sun.reflect.DelegatingMethodAccessorImpl.invoke(DelegatingMethodAccessorImpl.java:43)
	at java.lang.reflect.Method.invoke(Method.java:498)
	at org.codehaus.groovy.tools.GroovyStarter.rootLoader(GroovyStarter.java:109)
	at org.codehaus.groovy.tools.GroovyStarter.main(GroovyStarter.java:131)
)]]></system-err>
      </testcase>
      <testcase name="Test Cases/Bookmate/Quote create" classname="Test Cases/Bookmate/Quote create" status="PASSED">
         <system-out><![CDATA[2018-09-29 19:42:46 - [TEST_CASE][PASSED] - Test Cases/Bookmate/Quote create: Test Cases/Bookmate/Quote create

2018-09-29 19:42:47 - [TEST_STEP][PASSED] - startApplication: Started app at: 'C:\Users\Nick\Downloads\application-dev-debug.apk'

2018-09-29 19:42:58 - [MESSAGE][PASSED] - Started app at: 'C:\Users\Nick\Downloads\application-dev-debug.apk'

2018-09-29 19:42:58 - [TEST_STEP][PASSED] - tap: Tapped on element 'Object Repository/android.widget.ImageView4 (2)'

2018-09-29 19:42:58 - [MESSAGE][WARNING] - Timeout '0' is invalid. Using default page load timeout: '30'

2018-09-29 19:43:03 - [MESSAGE][PASSED] - Tapped on element 'Object Repository/android.widget.ImageView4 (2)'

2018-09-29 19:43:03 - [TEST_STEP][PASSED] - tapAndHold: Tapped and held on element 'Object Repository/android.view.View3' with duration 0.013

2018-09-29 19:43:03 - [MESSAGE][WARNING] - Timeout '0' is invalid. Using default page load timeout: '30'

2018-09-29 19:43:19 - [MESSAGE][PASSED] - Tapped and held on element 'Object Repository/android.view.View3' with duration 0.013

2018-09-29 19:43:19 - [TEST_STEP][PASSED] - tap: Tapped on element 'Object Repository/android.view.View13'

2018-09-29 19:43:19 - [MESSAGE][WARNING] - Timeout '0' is invalid. Using default page load timeout: '30'

2018-09-29 19:43:20 - [MESSAGE][PASSED] - Tapped on element 'Object Repository/android.view.View13'

2018-09-29 19:43:20 - [TEST_STEP][PASSED] - pressBack: Press back button successfully

2018-09-29 19:43:21 - [MESSAGE][PASSED] - Press back button successfully

2018-09-29 19:43:21 - [TEST_STEP][PASSED] - tap: Tapped on element 'Object Repository/android.widget.RelativeLayout2'

2018-09-29 19:43:21 - [MESSAGE][WARNING] - Timeout '0' is invalid. Using default page load timeout: '30'

2018-09-29 19:43:23 - [MESSAGE][PASSED] - Tapped on element 'Object Repository/android.widget.RelativeLayout2'

2018-09-29 19:43:23 - [TEST_STEP][PASSED] - tap: Tapped on element 'Object Repository/android.widget.TextView2 -  (1)'

2018-09-29 19:43:23 - [MESSAGE][WARNING] - Timeout '0' is invalid. Using default page load timeout: '30'

2018-09-29 19:43:24 - [MESSAGE][PASSED] - Tapped on element 'Object Repository/android.widget.TextView2 -  (1)'

2018-09-29 19:43:24 - [TEST_STEP][PASSED] - tap: Tapped on element 'Object Repository/android.widget.ImageView8 (1)'

2018-09-29 19:43:24 - [MESSAGE][WARNING] - Timeout '0' is invalid. Using default page load timeout: '30'

2018-09-29 19:43:26 - [MESSAGE][PASSED] - Tapped on element 'Object Repository/android.widget.ImageView8 (1)'

2018-09-29 19:43:26 - [TEST_STEP][PASSED] - tap: Tapped on element 'Object Repository/android.widget.TextView2 -  (2)'

2018-09-29 19:43:26 - [MESSAGE][WARNING] - Timeout '0' is invalid. Using default page load timeout: '30'

2018-09-29 19:43:27 - [MESSAGE][PASSED] - Tapped on element 'Object Repository/android.widget.TextView2 -  (2)'

2018-09-29 19:43:27 - [TEST_STEP][PASSED] - pressBack: Press back button successfully

2018-09-29 19:43:28 - [MESSAGE][PASSED] - Press back button successfully

2018-09-29 19:43:28 - [TEST_STEP][PASSED] - closeApplication: Close app successfully

2018-09-29 19:43:31 - [MESSAGE][PASSED] - Close app successfully]]></system-out>
         <system-err><![CDATA[]]></system-err>
      </testcase>
      <system-out><![CDATA[2018-09-29 19:40:26 - [TEST_SUITE][FAILED] - Regression: Test Cases/Bookmate/Impression create FAILED because (of) (Stack trace: com.kms.katalon.core.exception.StepFailedException: Failed to tap and hold on element 'Object Repository/android.widget.ImageView4' with duration (default) (Root cause: Object Object Repository/android.widget.ImageView4 not found)
	at com.kms.katalon.core.keyword.internal.KeywordMain.stepFailed(KeywordMain.groovy:36)
	at com.kms.katalon.core.mobile.keyword.internal.MobileKeywordMain.stepFailed(MobileKeywordMain.groovy:40)
	at com.kms.katalon.core.mobile.keyword.internal.MobileKeywordMain.runKeyword(MobileKeywordMain.groovy:23)
	at com.kms.katalon.core.mobile.keyword.builtin.TapAndHoldKeyword.tapAndHold(TapAndHoldKeyword.groovy:72)
	at com.kms.katalon.core.mobile.keyword.builtin.TapAndHoldKeyword.execute(TapAndHoldKeyword.groovy:65)
	at com.kms.katalon.core.keyword.internal.KeywordExecutor.executeKeywordForPlatform(KeywordExecutor.groovy:53)
	at com.kms.katalon.core.mobile.keyword.MobileBuiltInKeywords.tapAndHold(MobileBuiltInKeywords.groovy:518)
	at com.kms.katalon.core.mobile.keyword.MobileBuiltInKeywords$tapAndHold$3.call(Unknown Source)
	at org.codehaus.groovy.runtime.callsite.CallSiteArray.defaultCall(CallSiteArray.java:48)
	at org.codehaus.groovy.runtime.callsite.AbstractCallSite.call(AbstractCallSite.java:113)
	at org.codehaus.groovy.runtime.callsite.AbstractCallSite.call(AbstractCallSite.java:141)
	at Script1538235225068.run(Script1538235225068.groovy:18)
	at com.kms.katalon.core.main.ScriptEngine.run(ScriptEngine.java:183)
	at com.kms.katalon.core.main.ScriptEngine.runScriptAsRawText(ScriptEngine.java:108)
	at com.kms.katalon.core.main.TestCaseExecutor.runScript(TestCaseExecutor.java:294)
	at com.kms.katalon.core.main.TestCaseExecutor.doExecute(TestCaseExecutor.java:285)
	at com.kms.katalon.core.main.TestCaseExecutor.processExecutionPhase(TestCaseExecutor.java:264)
	at com.kms.katalon.core.main.TestCaseExecutor.accessMainPhase(TestCaseExecutor.java:256)
	at com.kms.katalon.core.main.TestCaseExecutor.execute(TestCaseExecutor.java:200)
	at com.kms.katalon.core.main.TestSuiteExecutor.accessTestCaseMainPhase(TestSuiteExecutor.java:129)
	at com.kms.katalon.core.main.TestSuiteExecutor.accessTestSuiteMainPhase(TestSuiteExecutor.java:112)
	at com.kms.katalon.core.main.TestSuiteExecutor.execute(TestSuiteExecutor.java:81)
	at com.kms.katalon.core.main.TestCaseMain.startTestSuite(TestCaseMain.java:142)
	at com.kms.katalon.core.main.TestCaseMain$startTestSuite$0.call(Unknown Source)
	at org.codehaus.groovy.runtime.callsite.CallSiteArray.defaultCall(CallSiteArray.java:48)
	at org.codehaus.groovy.runtime.callsite.AbstractCallSite.call(AbstractCallSite.java:113)
	at org.codehaus.groovy.runtime.callsite.AbstractCallSite.call(AbstractCallSite.java:141)
	at TempTestSuite1538239222836.run(TempTestSuite1538239222836.groovy:36)
	at groovy.lang.GroovyShell.runScriptOrMainOrTestOrRunnable(GroovyShell.java:263)
	at groovy.lang.GroovyShell.run(GroovyShell.java:518)
	at groovy.lang.GroovyShell.run(GroovyShell.java:507)
	at groovy.ui.GroovyMain.processOnce(GroovyMain.java:653)
	at groovy.ui.GroovyMain.run(GroovyMain.java:384)
	at groovy.ui.GroovyMain.process(GroovyMain.java:370)
	at groovy.ui.GroovyMain.processArgs(GroovyMain.java:129)
	at groovy.ui.GroovyMain.main(GroovyMain.java:109)
	at sun.reflect.NativeMethodAccessorImpl.invoke0(Native Method)
	at sun.reflect.NativeMethodAccessorImpl.invoke(NativeMethodAccessorImpl.java:62)
	at sun.reflect.DelegatingMethodAccessorImpl.invoke(DelegatingMethodAccessorImpl.java:43)
	at java.lang.reflect.Method.invoke(Method.java:498)
	at org.codehaus.groovy.tools.GroovyStarter.rootLoader(GroovyStarter.java:109)
	at org.codehaus.groovy.tools.GroovyStarter.main(GroovyStarter.java:131)
)]]></system-out>
      <system-err><![CDATA[2018-09-29 19:40:26 - [TEST_SUITE][FAILED] - Regression: Test Cases/Bookmate/Impression create FAILED because (of) (Stack trace: com.kms.katalon.core.exception.StepFailedException: Failed to tap and hold on element 'Object Repository/android.widget.ImageView4' with duration (default) (Root cause: Object Object Repository/android.widget.ImageView4 not found)
	at com.kms.katalon.core.keyword.internal.KeywordMain.stepFailed(KeywordMain.groovy:36)
	at com.kms.katalon.core.mobile.keyword.internal.MobileKeywordMain.stepFailed(MobileKeywordMain.groovy:40)
	at com.kms.katalon.core.mobile.keyword.internal.MobileKeywordMain.runKeyword(MobileKeywordMain.groovy:23)
	at com.kms.katalon.core.mobile.keyword.builtin.TapAndHoldKeyword.tapAndHold(TapAndHoldKeyword.groovy:72)
	at com.kms.katalon.core.mobile.keyword.builtin.TapAndHoldKeyword.execute(TapAndHoldKeyword.groovy:65)
	at com.kms.katalon.core.keyword.internal.KeywordExecutor.executeKeywordForPlatform(KeywordExecutor.groovy:53)
	at com.kms.katalon.core.mobile.keyword.MobileBuiltInKeywords.tapAndHold(MobileBuiltInKeywords.groovy:518)
	at com.kms.katalon.core.mobile.keyword.MobileBuiltInKeywords$tapAndHold$3.call(Unknown Source)
	at org.codehaus.groovy.runtime.callsite.CallSiteArray.defaultCall(CallSiteArray.java:48)
	at org.codehaus.groovy.runtime.callsite.AbstractCallSite.call(AbstractCallSite.java:113)
	at org.codehaus.groovy.runtime.callsite.AbstractCallSite.call(AbstractCallSite.java:141)
	at Script1538235225068.run(Script1538235225068.groovy:18)
	at com.kms.katalon.core.main.ScriptEngine.run(ScriptEngine.java:183)
	at com.kms.katalon.core.main.ScriptEngine.runScriptAsRawText(ScriptEngine.java:108)
	at com.kms.katalon.core.main.TestCaseExecutor.runScript(TestCaseExecutor.java:294)
	at com.kms.katalon.core.main.TestCaseExecutor.doExecute(TestCaseExecutor.java:285)
	at com.kms.katalon.core.main.TestCaseExecutor.processExecutionPhase(TestCaseExecutor.java:264)
	at com.kms.katalon.core.main.TestCaseExecutor.accessMainPhase(TestCaseExecutor.java:256)
	at com.kms.katalon.core.main.TestCaseExecutor.execute(TestCaseExecutor.java:200)
	at com.kms.katalon.core.main.TestSuiteExecutor.accessTestCaseMainPhase(TestSuiteExecutor.java:129)
	at com.kms.katalon.core.main.TestSuiteExecutor.accessTestSuiteMainPhase(TestSuiteExecutor.java:112)
	at com.kms.katalon.core.main.TestSuiteExecutor.execute(TestSuiteExecutor.java:81)
	at com.kms.katalon.core.main.TestCaseMain.startTestSuite(TestCaseMain.java:142)
	at com.kms.katalon.core.main.TestCaseMain$startTestSuite$0.call(Unknown Source)
	at org.codehaus.groovy.runtime.callsite.CallSiteArray.defaultCall(CallSiteArray.java:48)
	at org.codehaus.groovy.runtime.callsite.AbstractCallSite.call(AbstractCallSite.java:113)
	at org.codehaus.groovy.runtime.callsite.AbstractCallSite.call(AbstractCallSite.java:141)
	at TempTestSuite1538239222836.run(TempTestSuite1538239222836.groovy:36)
	at groovy.lang.GroovyShell.runScriptOrMainOrTestOrRunnable(GroovyShell.java:263)
	at groovy.lang.GroovyShell.run(GroovyShell.java:518)
	at groovy.lang.GroovyShell.run(GroovyShell.java:507)
	at groovy.ui.GroovyMain.processOnce(GroovyMain.java:653)
	at groovy.ui.GroovyMain.run(GroovyMain.java:384)
	at groovy.ui.GroovyMain.process(GroovyMain.java:370)
	at groovy.ui.GroovyMain.processArgs(GroovyMain.java:129)
	at groovy.ui.GroovyMain.main(GroovyMain.java:109)
	at sun.reflect.NativeMethodAccessorImpl.invoke0(Native Method)
	at sun.reflect.NativeMethodAccessorImpl.invoke(NativeMethodAccessorImpl.java:62)
	at sun.reflect.DelegatingMethodAccessorImpl.invoke(DelegatingMethodAccessorImpl.java:43)
	at java.lang.reflect.Method.invoke(Method.java:498)
	at org.codehaus.groovy.tools.GroovyStarter.rootLoader(GroovyStarter.java:109)
	at org.codehaus.groovy.tools.GroovyStarter.main(GroovyStarter.java:131)
)]]></system-err>
   </testsuite>
</testsuites>
